#
# A fatal error has been detected by the Java Runtime Environment:
#
#  EXCEPTION_ACCESS_VIOLATION (0xc0000005) at pc=0x7a2985b0, pid=2276, tid=1212
#
# JRE version: 6.0_17-b04
# Java VM: Java HotSpot(TM) Client VM (14.3-b01 mixed mode windows-x86 )
# Problematic frame:
# C  [m_dispatcher.dll+0x85b0]
#
# If you would like to submit a bug report, please visit:
#   http://java.sun.com/webapps/bugreport/crash.jsp
# The crash happened outside the Java Virtual Machine in native code.
# See problematic frame for where to report the bug.
#

---------------  T H R E A D  ---------------

Current thread (0x0d62b400):  JavaThread "main" [_thread_in_native, id=1212, stack(0x00430000,0x00c30000)]

siginfo: ExceptionCode=0xc0000005, reading address 0x0000002b

Registers:
EAX=0x0000002b, EBX=0x00000001, ECX=0x23510c70, EDX=0x00000000
ESP=0x00c2f2fc, EBP=0x00c2f310, ESI=0x23510c70, EDI=0x00000000
EIP=0x7a2985b0, EFLAGS=0x00010206

Top of Stack: (sp=0x00c2f2fc)
0x00c2f2fc:   7aa68029 00000001 00000000 00000001
0x00c2f30c:   ffffffff 00c2f364 7aa680d3 00c2f458
0x00c2f31c:   00000001 26696e1c 00c2f350 00000000
0x00c2f32c:   26696dd0 00000000 00c2f3f4 00c2f400
0x00c2f33c:   7a02ce35 0d62b510 00000000 0d62b510
0x00c2f34c:   78cc5064 00000000 00c2f328 00c2f3dc
0x00c2f35c:   7aabecaa ffffffff 00c2f3e8 7aa627d8
0x00c2f36c:   00000000 26696e3c 00000001 26696e1c 

Instructions: (pc=0x7a2985b0)
0x7a2985a0:   8b 81 50 02 00 00 85 c0 74 1c 8d 9b 00 00 00 00
0x7a2985b0:   8b 08 80 79 70 00 74 07 85 c0 74 0a 8b c1 c3 8b 


Stack: [0x00430000,0x00c30000],  sp=0x00c2f2fc,  free space=8188k
Native frames: (J=compiled Java code, j=interpreted, Vv=VM code, C=native code)
C  [m_dispatcher.dll+0x85b0]
C  [m_interpreter.dll+0xa80d3]
C  [m_interpreter.dll+0xa27d8]
C  [m_interpreter.dll+0xc8954]
C  0x78cc375a
C  0x78cc40c8
C  0x78cc46fa
C  0x78ccd27d
C  0x78ccd343
j  com.mathworks.jmi.NativeMatlab.SendMatlabMessage(Ljava/lang/Object;)Ljava/lang/Object;+0
j  com.mathworks.jmi.NativeMatlab.sendMatlabMessage(Ljava/lang/Object;)Ljava/lang/Object;+22
j  com.mathworks.jmi.MatlabLooper.sendMatlabMessage(Lcom/mathworks/services/message/MWMessage;)Ljava/lang/Object;+20
j  com.mathworks.jmi.Matlab.mtFevalConsoleOutput(Ljava/lang/String;[Ljava/lang/Object;I)Ljava/lang/Object;+58
j  com.mathworks.mde.desk.MLDesktop$8.run()V+14
j  com.mathworks.jmi.NativeMatlab.dispatchMTRequests(Z)V+50
v  ~StubRoutines::call_stub
V  [jvm.dll+0xecf9c]
V  [jvm.dll+0x1741d1]
V  [jvm.dll+0xed01d]
V  [jvm.dll+0xf5be5]
V  [jvm.dll+0xfd932]
C  [jmi.dll+0x10392]
C  [jmi.dll+0x160f4]
C  [jmi.dll+0x16167]
C  [jmi.dll+0x31e6e]
C  [jmi.dll+0x316d6]
C  [uiw.dll+0x48e21]
C  [uiw.dll+0x493cf]
C  [USER32.dll+0x28336]
C  [USER32.dll+0x180a9]
C  [USER32.dll+0x18ba1]
C  [ntdll.dll+0x1010a]
C  [uiw.dll+0x1e624]
C  [uiw.dll+0x1e67f]
C  [uiw.dll+0x4a4e5]
C  [libuij.dll+0x21b07]
C  [libuij.dll+0x221da]
C  [libuij.dll+0x23183]
C  [libuij.dll+0x23a43]
C  [libuij.dll+0x23c36]
C  [libuij.dll+0x23d24]
C  [libuij.dll+0x23ea2]
C  [mcr.dll+0x14e3a]
C  [mcr.dll+0x1506d]
C  [mcr.dll+0x1531c]
C  [mcr.dll+0x15a4c]
C  [MATLAB.exe+0x6202]
C  [MATLAB.exe+0x62c5]
C  [MATLAB.exe+0x638d]
C  [MATLAB.exe+0x6834]
C  [kernel32.dll+0x1339a]
C  [ntdll.dll+0x39ef2]
C  [ntdll.dll+0x39ec5]

Java frames: (J=compiled Java code, j=interpreted, Vv=VM code)
j  com.mathworks.jmi.NativeMatlab.SendMatlabMessage(Ljava/lang/Object;)Ljava/lang/Object;+0
j  com.mathworks.jmi.NativeMatlab.sendMatlabMessage(Ljava/lang/Object;)Ljava/lang/Object;+22
j  com.mathworks.jmi.MatlabLooper.sendMatlabMessage(Lcom/mathworks/services/message/MWMessage;)Ljava/lang/Object;+20
j  com.mathworks.jmi.Matlab.mtFevalConsoleOutput(Ljava/lang/String;[Ljava/lang/Object;I)Ljava/lang/Object;+58
j  com.mathworks.mde.desk.MLDesktop$8.run()V+14
j  com.mathworks.jmi.NativeMatlab.dispatchMTRequests(Z)V+50
v  ~StubRoutines::call_stub

---------------  P R O C E S S  ---------------

Java Threads: ( => current thread )
  0x21ecc000 JavaThread "RequestQueue for GenericFileList" [_thread_blocked, id=1664, stack(0x25b60000,0x25be0000)]
  0x1f0b8400 JavaThread "Code Analyzer updating thread" [_thread_blocked, id=5252, stack(0x232e0000,0x23360000)]
  0x1f0b8000 JavaThread "Code Analyzer updating thread" [_thread_blocked, id=5828, stack(0x23220000,0x232a0000)]
  0x1f0b5400 JavaThread "Code Analyzer updating thread" [_thread_blocked, id=160, stack(0x21d10000,0x21d90000)]
  0x1f0b4c00 JavaThread "Code Analyzer updating thread" [_thread_blocked, id=1032, stack(0x21c50000,0x21cd0000)]
  0x1f0b4800 JavaThread "Active Reference Queue Daemon" daemon [_thread_blocked, id=4900, stack(0x21990000,0x21a10000)]
  0x1f0b4000 JavaThread "Timer-6" daemon [_thread_blocked, id=3896, stack(0x218d0000,0x21950000)]
  0x1f0b3400 JavaThread "Timer-5" daemon [_thread_blocked, id=3824, stack(0x21810000,0x21890000)]
  0x1f0b2400 JavaThread "Prefs Updater" daemon [_thread_blocked, id=4664, stack(0x20a00000,0x20a80000)]
  0x1f0b1800 JavaThread "Timer-1" [_thread_blocked, id=240, stack(0x20880000,0x20900000)]
  0x1f0b1000 JavaThread "FelixPackageAdmin" daemon [_thread_blocked, id=252, stack(0x20270000,0x202f0000)]
  0x1f168000 JavaThread "FelixStartLevel" daemon [_thread_blocked, id=3916, stack(0x201b0000,0x20230000)]
  0x1f17f400 JavaThread "FelixDispatchQueue" daemon [_thread_blocked, id=5348, stack(0x200f0000,0x20170000)]
  0x1f00e000 JavaThread "TimerQueue" daemon [_thread_blocked, id=3520, stack(0x1ff70000,0x1fff0000)]
  0x1ef26800 JavaThread "AWT-EventQueue-0" [_thread_blocked, id=4920, stack(0x1fea0000,0x1ff20000)]
  0x1ee5ec00 JavaThread "AWT-Windows" daemon [_thread_in_native, id=1288, stack(0x1f730000,0x1f7b0000)]
  0x1ee5e400 JavaThread "AWT-Shutdown" [_thread_blocked, id=5628, stack(0x1f670000,0x1f6f0000)]
  0x1ee5e000 JavaThread "Java2D Disposer" daemon [_thread_blocked, id=4884, stack(0x1f5b0000,0x1f630000)]
  0x0fd11400 JavaThread "Timer-0" [_thread_blocked, id=816, stack(0x0feb0000,0x0ff30000)]
  0x0fcb0800 JavaThread "JMI Unnamed Thread" [_thread_in_native, id=5068, stack(0x0cd00000,0x0d500000)]
  0x0fc40400 JavaThread "Low Memory Detector" daemon [_thread_blocked, id=5372, stack(0x0fb70000,0x0fbf0000)]
  0x0d6e8800 JavaThread "CompilerThread0" daemon [_thread_blocked, id=3748, stack(0x1d970000,0x1e170000)]
  0x0d6ddc00 JavaThread "Attach Listener" daemon [_thread_blocked, id=2072, stack(0x0fa70000,0x0faf0000)]
  0x0d6a8800 JavaThread "Finalizer" daemon [_thread_blocked, id=4440, stack(0x0f9b0000,0x0fa30000)]
  0x0d6a7400 JavaThread "Reference Handler" daemon [_thread_blocked, id=1092, stack(0x0f8f0000,0x0f970000)]
=>0x0d62b400 JavaThread "main" [_thread_in_native, id=1212, stack(0x00430000,0x00c30000)]

Other Threads:
  0x0d6a4400 VMThread [stack: 0x1d170000,0x1d970000] [id=3628]
  0x0d6ec000 WatcherThread [stack: 0x1e170000,0x1e970000] [id=4648]

VM state:not at safepoint (normal execution)

VM Mutex/Monitor currently owned by a thread: None

Heap
 def new generation   total 19392K, used 12817K [0x10050000, 0x11550000, 0x12050000)
  eden space 17280K,  68% used [0x10050000, 0x10bca4b0, 0x11130000)
  from space 2112K,  50% used [0x11130000, 0x1123a0f0, 0x11340000)
  to   space 2112K,   0% used [0x11340000, 0x11340000, 0x11550000)
 tenured generation   total 64332K, used 38597K [0x12050000, 0x15f23000, 0x18050000)
   the space 64332K,  59% used [0x12050000, 0x14601668, 0x14601800, 0x15f23000)
 compacting perm gen  total 35840K, used 35758K [0x18050000, 0x1a350000, 0x1c050000)
   the space 35840K,  99% used [0x18050000, 0x1a33b8c0, 0x1a33ba00, 0x1a350000)
No shared spaces configured.

Dynamic libraries:
0x00400000 - 0x00424000 	C:\Program Files (x86)\MATLAB\R2010b\bin\win32\MATLAB.exe
0x771f0000 - 0x77370000 	C:\Windows\SysWOW64\ntdll.dll
0x753d0000 - 0x754e0000 	C:\Windows\syswow64\kernel32.dll
0x765a0000 - 0x765e6000 	C:\Windows\syswow64\KERNELBASE.dll
0x7bc20000 - 0x7bcd1000 	C:\Program Files (x86)\MATLAB\R2010b\bin\win32\libut.dll
0x10000000 - 0x10045000 	C:\Program Files (x86)\MATLAB\R2010b\bin\win32\libmwi18n.dll
0x00130000 - 0x0013e000 	C:\Program Files (x86)\MATLAB\R2010b\bin\win32\boost_date_time-vc80-mt-1_40.dll
0x70e90000 - 0x70f17000 	C:\Windows\WinSxS\x86_microsoft.vc80.crt_1fc8b3b9a1e18e3b_8.0.50727.6195_none_d09154e044272b9a\MSVCP80.dll
0x73dd0000 - 0x73e6b000 	C:\Windows\WinSxS\x86_microsoft.vc80.crt_1fc8b3b9a1e18e3b_8.0.50727.6195_none_d09154e044272b9a\MSVCR80.dll
0x752f0000 - 0x7539c000 	C:\Windows\syswow64\msvcrt.dll
0x00150000 - 0x00163000 	C:\Program Files (x86)\MATLAB\R2010b\bin\win32\boost_filesystem-vc80-mt-1_40.dll
0x00180000 - 0x00187000 	C:\Program Files (x86)\MATLAB\R2010b\bin\win32\boost_system-vc80-mt-1_40.dll
0x001a0000 - 0x001ae000 	C:\Program Files (x86)\MATLAB\R2010b\bin\win32\boost_thread-vc80-mt-1_40.dll
0x7c2e0000 - 0x7c2ff000 	C:\Program Files (x86)\MATLAB\R2010b\bin\win32\LIBEXPAT.dll
0x7b930000 - 0x7ba44000 	C:\Program Files (x86)\MATLAB\R2010b\bin\win32\icuin42.dll
0x7c070000 - 0x7c163000 	C:\Program Files (x86)\MATLAB\R2010b\bin\win32\icuuc42.dll
0x76420000 - 0x764c0000 	C:\Windows\syswow64\ADVAPI32.dll
0x75170000 - 0x75189000 	C:\Windows\SysWOW64\sechost.dll
0x76840000 - 0x76930000 	C:\Windows\syswow64\RPCRT4.dll
0x748d0000 - 0x74930000 	C:\Windows\syswow64\SspiCli.dll
0x748c0000 - 0x748cc000 	C:\Windows\syswow64\CRYPTBASE.dll
0x00ed0000 - 0x01e18000 	C:\Program Files (x86)\MATLAB\R2010b\bin\win32\icudt42.dll
0x787e0000 - 0x78898000 	C:\Program Files (x86)\MATLAB\R2010b\bin\win32\libmwfl.dll
0x762b0000 - 0x762da000 	C:\Windows\syswow64\imagehlp.dll
0x74e60000 - 0x74e65000 	C:\Windows\syswow64\PSAPI.DLL
0x002e0000 - 0x0037b000 	C:\Program Files (x86)\MATLAB\R2010b\bin\win32\boost_regex-vc80-mt-1_40.dll
0x74f00000 - 0x75000000 	C:\Windows\syswow64\USER32.dll
0x74e70000 - 0x74f00000 	C:\Windows\syswow64\GDI32.dll
0x74a00000 - 0x74a0a000 	C:\Windows\syswow64\LPK.dll
0x75000000 - 0x7509d000 	C:\Windows\syswow64\USP10.dll
0x00210000 - 0x0021f000 	C:\Program Files (x86)\MATLAB\R2010b\bin\win32\boost_signals-vc80-mt-1_40.dll
0x7b7a0000 - 0x7b7ac000 	C:\Program Files (x86)\MATLAB\R2010b\bin\win32\icuio42.dll
0x7bd40000 - 0x7bf5c000 	C:\Program Files (x86)\MATLAB\R2010b\bin\win32\libmwservices.dll
0x7bce0000 - 0x7bd31000 	C:\Program Files (x86)\MATLAB\R2010b\bin\win32\libmx.dll
0x78cf0000 - 0x78d03000 	C:\Program Files (x86)\MATLAB\R2010b\bin\win32\zlib1.dll
0x7bf60000 - 0x7c065000 	C:\Program Files (x86)\MATLAB\R2010b\bin\win32\libmwmathutil.dll
0x7a110000 - 0x7a14b000 	C:\Program Files (x86)\MATLAB\R2010b\bin\win32\mpath.dll
0x7c3e0000 - 0x7c542000 	C:\Program Files (x86)\MATLAB\R2010b\bin\win32\mlutil.dll
0x7d300000 - 0x7d35d000 	C:\Program Files (x86)\MATLAB\R2010b\bin\win32\xmlcore.dll
0x799d0000 - 0x79b92000 	C:\Program Files (x86)\MATLAB\R2010b\bin\win32\xerces-c_2_7.dll
0x75190000 - 0x751c5000 	C:\Windows\syswow64\WS2_32.dll
0x74bb0000 - 0x74bb6000 	C:\Windows\syswow64\NSI.dll
0x754e0000 - 0x7612a000 	C:\Windows\syswow64\SHELL32.dll
0x76250000 - 0x762a7000 	C:\Windows\syswow64\SHLWAPI.dll
0x74780000 - 0x74804000 	C:\Windows\WinSxS\x86_microsoft.windows.common-controls_6595b64144ccf1df_5.82.7601.17514_none_ec83dffa859149af\COMCTL32.dll
0x763a0000 - 0x7641b000 	C:\Windows\syswow64\comdlg32.dll
0x71340000 - 0x71351000 	C:\Windows\system32\NETAPI32.dll
0x74860000 - 0x74869000 	C:\Windows\system32\netutils.dll
0x74810000 - 0x74829000 	C:\Windows\system32\srvcli.dll
0x74850000 - 0x7485f000 	C:\Windows\system32\wkscli.dll
0x003d0000 - 0x003fe000 	C:\Program Files (x86)\MATLAB\R2010b\bin\win32\tbb.dll
0x7a3c0000 - 0x7a435000 	C:\Program Files (x86)\MATLAB\R2010b\bin\win32\mcr.dll
0x7b7b0000 - 0x7b81a000 	C:\Program Files (x86)\MATLAB\R2010b\bin\win32\iqm.dll
0x7a9c0000 - 0x7ae71000 	C:\Program Files (x86)\MATLAB\R2010b\bin\win32\m_interpreter.dll
0x7b830000 - 0x7b83c000 	C:\Program Files (x86)\MATLAB\R2010b\bin\win32\libmex.dll
0x7a290000 - 0x7a2f9000 	C:\Program Files (x86)\MATLAB\R2010b\bin\win32\m_dispatcher.dll
0x7a1a0000 - 0x7a1f7000 	C:\Program Files (x86)\MATLAB\R2010b\bin\win32\profiler.dll
0x7b890000 - 0x7b8b2000 	C:\Program Files (x86)\MATLAB\R2010b\bin\win32\libmwmathrng.dll
0x78c60000 - 0x78c72000 	C:\Program Files (x86)\MATLAB\R2010b\bin\win32\m_pcodeio.dll
0x7a0d0000 - 0x7a107000 	C:\Program Files (x86)\MATLAB\R2010b\bin\win32\m_ir.dll
0x7a4c0000 - 0x7a9c0000 	C:\Program Files (x86)\MATLAB\R2010b\bin\win32\m_parser.dll
0x7b820000 - 0x7b82e000 	C:\Program Files (x86)\MATLAB\R2010b\bin\win32\ir_xfmr.dll
0x788a0000 - 0x78a0f000 	C:\Program Files (x86)\MATLAB\R2010b\bin\win32\mcos.dll
0x7b8d0000 - 0x7b8da000 	C:\Program Files (x86)\MATLAB\R2010b\bin\win32\mtok.dll
0x78c40000 - 0x78c56000 	C:\Program Files (x86)\MATLAB\R2010b\bin\win32\m_pcodegen.dll
0x78300000 - 0x78337000 	C:\Program Files (x86)\MATLAB\R2010b\bin\win32\libmwspmatrix.dll
0x78340000 - 0x78360000 	C:\Program Files (x86)\MATLAB\R2010b\bin\win32\libmwbridge.dll
0x7b480000 - 0x7b504000 	C:\Program Files (x86)\MATLAB\R2010b\bin\win32\udd.dll
0x7c170000 - 0x7c273000 	C:\Program Files (x86)\MATLAB\R2010b\bin\win32\libmwgui.dll
0x78d50000 - 0x79222000 	C:\Program Files (x86)\MATLAB\R2010b\bin\win32\hg.dll
0x78bc0000 - 0x78bf6000 	C:\Program Files (x86)\MATLAB\R2010b\bin\win32\libmat.dll
0x7ba50000 - 0x7bc19000 	C:\Program Files (x86)\MATLAB\R2010b\bin\win32\libhdf5.dll
0x7a020000 - 0x7a075000 	C:\Program Files (x86)\MATLAB\R2010b\bin\win32\jmi.dll
0x79cf0000 - 0x79d1a000 	C:\Program Files (x86)\MATLAB\R2010b\bin\win32\libmwhardcopy.dll
0x7a080000 - 0x7a0c1000 	C:\Program Files (x86)\MATLAB\R2010b\bin\win32\libuij.dll
0x786a0000 - 0x787d0000 	C:\Program Files (x86)\MATLAB\R2010b\bin\win32\hgdatatypes.dll
0x78630000 - 0x7869b000 	C:\Program Files (x86)\MATLAB\R2010b\bin\win32\hgutils.dll
0x78c00000 - 0x78c34000 	C:\Program Files (x86)\MATLAB\R2010b\bin\win32\libmwlapack.dll
0x7b850000 - 0x7b85e000 	C:\Program Files (x86)\MATLAB\R2010b\bin\win32\libmwbinder.dll
0x7b510000 - 0x7b790000 	C:\Program Files (x86)\MATLAB\R2010b\bin\win32\uiw.dll
0x7b920000 - 0x7b929000 	C:\Program Files (x86)\MATLAB\R2010b\bin\win32\uinone.dll
0x01e70000 - 0x01f7f000 	C:\Windows\WinSxS\x86_microsoft.vc80.mfc_1fc8b3b9a1e18e3b_8.0.50727.6195_none_cbf5e994470a1a8f\MFC80.DLL
0x74720000 - 0x74771000 	C:\Windows\system32\WINSPOOL.DRV
0x74bc0000 - 0x74d1c000 	C:\Windows\syswow64\ole32.dll
0x76510000 - 0x7659f000 	C:\Windows\syswow64\OLEAUT32.dll
0x7a440000 - 0x7a4b7000 	C:\Program Files (x86)\MATLAB\R2010b\bin\win32\udd_mi.dll
0x78c80000 - 0x78c93000 	C:\Program Files (x86)\MATLAB\R2010b\bin\win32\mwoles05.DLL
0x7a150000 - 0x7a19a000 	C:\Program Files (x86)\MATLAB\R2010b\bin\win32\comcli.dll
0x74320000 - 0x7433b000 	C:\Windows\WinSxS\x86_microsoft.vc80.atl_1fc8b3b9a1e18e3b_8.0.50727.6195_none_d1cb102c435421de\ATL80.DLL
0x7b8c0000 - 0x7b8cb000 	C:\Program Files (x86)\MATLAB\R2010b\bin\win32\mlautoregister.dll
0x76340000 - 0x763a0000 	C:\Windows\system32\IMM32.DLL
0x74930000 - 0x749fc000 	C:\Windows\syswow64\MSCTF.dll
0x73cf0000 - 0x73cfe000 	C:\Windows\WinSxS\x86_microsoft.vc80.mfcloc_1fc8b3b9a1e18e3b_8.0.50727.6195_none_03ce2c72205943d3\MFC80ENU.DLL
0x72a70000 - 0x72a7b000 	C:\Windows\system32\profapi.dll
0x718a0000 - 0x71920000 	C:\Windows\system32\uxtheme.dll
0x744f0000 - 0x7468e000 	C:\Windows\WinSxS\x86_microsoft.windows.common-controls_6595b64144ccf1df_6.0.7601.17514_none_41e6975e2bd6f2b2\comctl32.dll
0x74a10000 - 0x74bad000 	C:\Windows\syswow64\SETUPAPI.dll
0x753a0000 - 0x753c7000 	C:\Windows\syswow64\CFGMGR32.dll
0x74d20000 - 0x74d32000 	C:\Windows\syswow64\DEVOBJ.dll
0x750d0000 - 0x75153000 	C:\Windows\syswow64\CLBCatQ.DLL
0x73bc0000 - 0x73cb5000 	C:\Windows\system32\propsys.dll
0x72ff0000 - 0x73011000 	C:\Windows\system32\ntmarta.dll
0x764c0000 - 0x76505000 	C:\Windows\syswow64\WLDAP32.dll
0x74010000 - 0x74013000 	C:\Windows\system32\icmp.Dll
0x71730000 - 0x7174c000 	C:\Windows\system32\iphlpapi.DLL
0x71720000 - 0x71727000 	C:\Windows\system32\WINNSI.DLL
0x73570000 - 0x73580000 	C:\Windows\system32\NLAapi.dll
0x74340000 - 0x74350000 	C:\Windows\system32\napinsp.dll
0x73d80000 - 0x73d92000 	C:\Windows\system32\pnrpnsp.dll
0x71810000 - 0x7184c000 	C:\Windows\System32\mswsock.dll
0x71850000 - 0x71894000 	C:\Windows\system32\DNSAPI.dll
0x73f80000 - 0x73f88000 	C:\Windows\System32\winrnr.dll
0x73f70000 - 0x73f7d000 	C:\Windows\system32\wshbth.dll
0x71750000 - 0x71788000 	C:\Windows\System32\fwpuclnt.dll
0x73560000 - 0x73566000 	C:\Windows\system32\rasadhlp.dll
0x71790000 - 0x71795000 	C:\Windows\System32\wshtcpip.dll
0x737f0000 - 0x737fd000 	C:\Windows\system32\dhcpcsvc6.DLL
0x71070000 - 0x71082000 	C:\Windows\system32\dhcpcsvc.DLL
0x79d90000 - 0x7a01b000 	C:\Program Files (x86)\MATLAB\R2010b\sys\java\jre\win32\jre\bin\client\jvm.dll
0x73b60000 - 0x73b92000 	C:\Windows\system32\WINMM.dll
0x7c300000 - 0x7c356000 	C:\Program Files (x86)\MATLAB\R2010b\bin\win32\MSVCR71.dll
0x74690000 - 0x746dc000 	C:\Windows\system32\apphelp.dll
0x71550000 - 0x71563000 	C:\Windows\system32\dwmapi.dll
0x0d500000 - 0x0d5eb000 	C:\Windows\syswow64\dbghelp.dll
0x7a270000 - 0x7a27c000 	C:\Program Files (x86)\MATLAB\R2010b\sys\java\jre\win32\jre\bin\verify.dll
0x78d10000 - 0x78d2f000 	C:\Program Files (x86)\MATLAB\R2010b\sys\java\jre\win32\jre\bin\java.dll
0x7a250000 - 0x7a258000 	C:\Program Files (x86)\MATLAB\R2010b\sys\java\jre\win32\jre\bin\hpi.dll
0x7a280000 - 0x7a28f000 	C:\Program Files (x86)\MATLAB\R2010b\sys\java\jre\win32\jre\bin\zip.dll

VM Arguments:
jvm_args: -Xss512k -XX:PermSize=32m -Xms64m -XX:NewRatio=3 -XX:MaxPermSize=64m -Xmx128m -XX:MaxDirectMemorySize=1200000000 -Dsun.java2d.noddraw=true -Dsun.awt.nopixfmt=true -Xshare:off -Xrs -Dsun.awt.disableMixing=true -Djava.library.path=C:\Program Files (x86)\MATLAB\R2010b\bin\win32 vfprintf abort 
java_command: <unknown>
Launcher Type: generic

Environment Variables:
PATH=C:\Program Files (x86)\MATLAB\R2010b\bin\win32;C:\Program Files (x86)\Python\;C:\Program Files (x86)\Python\Scripts;C:\Windows\system32;C:\Windows;C:\Windows\System32\Wbem;C:\Windows\System32\WindowsPowerShell\v1.0\;C:\Program Files\Intel\DMIX;C:\Program Files\MATLAB\R2010b\runtime\win64;C:\Program Files\MATLAB\R2010b\bin;C:\Program Files (x86)\MATLAB\R2010b\runtime\win32;C:\Program Files (x86)\MATLAB\R2010b\bin;C:\Program Files (x86)\MiKTeX 2.9\miktex\bin\;C:\Users\45c\AppData\Roaming\Python\Scripts
USERNAME=45c
OS=Windows_NT
PROCESSOR_IDENTIFIER=Intel64 Family 6 Model 58 Stepping 9, GenuineIntel



---------------  S Y S T E M  ---------------

OS: Windows 7 Build 7601 Service Pack 1

CPU:total 8 (8 cores per cpu, 2 threads per core) family 6 model 58 stepping 9, cmov, cx8, fxsr, mmx, sse, sse2, sse3, ssse3, sse4.1, sse4.2, ht

Memory: 4k page, physical 4194303k(4194303k free), swap 4194303k(4194303k free)

vm_info: Java HotSpot(TM) Client VM (14.3-b01) for windows-x86 JRE (1.6.0_17-b04), built on Oct 11 2009 00:52:06 by "java_re" with MS VC++ 7.1

time: Sun Apr 28 17:57:00 2013
elapsed time: 208 seconds

